#
# There is insufficient memory for the Java Runtime Environment to continue.
# Native memory allocation (malloc) failed to allocate 1676336 bytes for Chunk::new
# Possible reasons:
#   The system is out of physical RAM or swap space
#   The process is running with CompressedOops enabled, and the Java Heap may be blocking the growth of the native heap
# Possible solutions:
#   Reduce memory load on the system
#   Increase physical memory or swap space
#   Check if swap backing store is full
#   Decrease Java heap size (-Xmx/-Xms)
#   Decrease number of Java threads
#   Decrease Java thread stack sizes (-Xss)
#   Set larger code cache with -XX:ReservedCodeCacheSize=
#   JVM is running with Unscaled Compressed Oops mode in which the Java heap is
#     placed in the first 4GB address space. The Java Heap base address is the
#     maximum limit for the native heap growth. Please use -XX:HeapBaseMinAddress
#     to set the Java Heap base and to place the Java Heap above 4GB virtual address.
# This output file may be truncated or incomplete.
#
#  Out of Memory Error (src/hotspot/share/memory/arena.cpp:197), pid=17220, tid=20852
#
# JRE version: OpenJDK Runtime Environment (11.0.15) (build 11.0.15+0-b2043.56-9505619)
# Java VM: OpenJDK 64-Bit Server VM (11.0.15+0-b2043.56-9505619, mixed mode, tiered, compressed oops, g1 gc, windows-amd64)
# No core dump will be written. Minidumps are not enabled by default on client versions of Windows
#

---------------  S U M M A R Y ------------

Command Line: --add-opens=java.base/java.util=ALL-UNNAMED --add-opens=java.base/java.lang=ALL-UNNAMED --add-opens=java.base/java.lang.invoke=ALL-UNNAMED --add-opens=java.base/java.util=ALL-UNNAMED --add-opens=java.prefs/java.util.prefs=ALL-UNNAMED --add-opens=java.prefs/java.util.prefs=ALL-UNNAMED --add-opens=java.base/java.nio.charset=ALL-UNNAMED --add-opens=java.base/java.net=ALL-UNNAMED --add-opens=java.base/java.util.concurrent.atomic=ALL-UNNAMED -Xmx2048m -Dfile.encoding=UTF-8 -Duser.country=FR -Duser.language=fr -Duser.variant org.gradle.launcher.daemon.bootstrap.GradleDaemon 7.5

Host: AMD Ryzen 5 3550H with Radeon Vega Mobile Gfx  , 8 cores, 5G,  Windows 11 , 64 bit Build 22000 (10.0.22000.1516)
Time: Sat Apr 15 23:13:21 2023 Paris, Madrid elapsed time: 3367.510224 seconds (0d 0h 56m 7s)

---------------  T H R E A D  ---------------

Current thread (0x000002477eb06000):  JavaThread "C2 CompilerThread0" daemon [_thread_in_native, id=20852, stack(0x0000007c76200000,0x0000007c76300000)]


Current CompileTask:
C2:3367511 24456       4       java.io.ObjectOutputStream::writeClassDesc (60 bytes)

Stack: [0x0000007c76200000,0x0000007c76300000]
Native frames: (J=compiled Java code, j=interpreted, Vv=VM code, C=native code)
V  [jvm.dll+0x64135a]
V  [jvm.dll+0x7d39f9]
V  [jvm.dll+0x7d51b9]
V  [jvm.dll+0x7d58a3]
V  [jvm.dll+0x2691c5]
V  [jvm.dll+0xc1a5c]
V  [jvm.dll+0xc200c]
V  [jvm.dll+0x3774a7]
V  [jvm.dll+0x342495]
V  [jvm.dll+0x34186a]
V  [jvm.dll+0x2214bd]
V  [jvm.dll+0x220498]
V  [jvm.dll+0x19e851]
V  [jvm.dll+0x230479]
V  [jvm.dll+0x22e5ef]
V  [jvm.dll+0x794de1]
V  [jvm.dll+0x78dc24]
V  [jvm.dll+0x6400f6]
C  [ucrtbase.dll+0x26c0c]
C  [KERNEL32.DLL+0x155a0]
C  [ntdll.dll+0x485b]


---------------  P R O C E S S  ---------------

Threads class SMR info:
_java_thread_list=0x000002470d644ae0, length=70, elements={
0x0000024764679000, 0x000002477eae3000, 0x000002477eae5000, 0x000002477f4a3800,
0x000002477eb02000, 0x000002477eb03000, 0x000002477eb06000, 0x000002477eb07800,
0x000002477eb10800, 0x000002477f5f2000, 0x0000024703941800, 0x0000024703945000,
0x0000024703945800, 0x0000024703cd3000, 0x0000024703cd4000, 0x0000024703cd8000,
0x0000024703cd6800, 0x0000024703cd7800, 0x0000024703cda000, 0x0000024703ce0800,
0x0000024703cde000, 0x0000024703cdd000, 0x0000024703cdf800, 0x0000024703cdb800,
0x0000024703cdc000, 0x0000024702f7b800, 0x0000024702f7d000, 0x0000024702f77800,
0x0000024702f7f800, 0x0000024707f00000, 0x00000247050bc000, 0x00000247050b4000,
0x00000247050b6800, 0x00000247050b8800, 0x00000247050b8000, 0x00000247050b4800,
0x00000247050b7000, 0x00000247050b3000, 0x00000247050c1000, 0x00000247050bd800,
0x00000247050be800, 0x00000247050bf800, 0x00000247050c0000, 0x0000024707d93000,
0x0000024707d95000, 0x0000024707d98000, 0x0000024707d97800, 0x0000024707d95800,
0x0000024707d99000, 0x0000024707d96800, 0x0000024707d9a000, 0x0000024707d94000,
0x0000024707d9e800, 0x0000024707d9f800, 0x0000024707d9e000, 0x0000024707d9a800,
0x0000024707d9b800, 0x0000024707d9c000, 0x0000024707da1000, 0x0000024707da2000,
0x0000024707d9d000, 0x0000024707fb2800, 0x0000024707fb9000, 0x0000024707fb8000,
0x0000024707fb4000, 0x0000024707fb3800, 0x0000024707fb5000, 0x0000024707fbb800,
0x0000024707fb5800, 0x0000024707fb6800
}

Java Threads: ( => current thread )
  0x0000024764679000 JavaThread "main" [_thread_blocked, id=5336, stack(0x0000007c75600000,0x0000007c75700000)]
  0x000002477eae3000 JavaThread "Reference Handler" daemon [_thread_blocked, id=10816, stack(0x0000007c75d00000,0x0000007c75e00000)]
  0x000002477eae5000 JavaThread "Finalizer" daemon [_thread_blocked, id=4964, stack(0x0000007c75e00000,0x0000007c75f00000)]
  0x000002477f4a3800 JavaThread "Signal Dispatcher" daemon [_thread_blocked, id=13648, stack(0x0000007c75f00000,0x0000007c76000000)]
  0x000002477eb02000 JavaThread "Attach Listener" daemon [_thread_blocked, id=16872, stack(0x0000007c76000000,0x0000007c76100000)]
  0x000002477eb03000 JavaThread "Service Thread" daemon [_thread_blocked, id=18128, stack(0x0000007c76100000,0x0000007c76200000)]
=>0x000002477eb06000 JavaThread "C2 CompilerThread0" daemon [_thread_in_native, id=20852, stack(0x0000007c76200000,0x0000007c76300000)]
  0x000002477eb07800 JavaThread "C1 CompilerThread0" daemon [_thread_blocked, id=9912, stack(0x0000007c76300000,0x0000007c76400000)]
  0x000002477eb10800 JavaThread "Sweeper thread" daemon [_thread_blocked, id=10960, stack(0x0000007c76400000,0x0000007c76500000)]
  0x000002477f5f2000 JavaThread "Common-Cleaner" daemon [_thread_blocked, id=10812, stack(0x0000007c76500000,0x0000007c76600000)]
  0x0000024703941800 JavaThread "Daemon health stats" [_thread_blocked, id=5888, stack(0x0000007c76900000,0x0000007c76a00000)]
  0x0000024703945000 JavaThread "Incoming local TCP Connector on port 61380" [_thread_in_native, id=21408, stack(0x0000007c76700000,0x0000007c76800000)]
  0x0000024703945800 JavaThread "Daemon periodic checks" [_thread_blocked, id=19688, stack(0x0000007c76e00000,0x0000007c76f00000)]
  0x0000024703cd3000 JavaThread "Cache worker for journal cache (C:\Users\dhibi\.gradle\caches\journal-1)" [_thread_blocked, id=16488, stack(0x0000007c77a00000,0x0000007c77b00000)]
  0x0000024703cd4000 JavaThread "File lock request listener" [_thread_in_native, id=17640, stack(0x0000007c77b00000,0x0000007c77c00000)]
  0x0000024703cd8000 JavaThread "Cache worker for file hash cache (C:\Users\dhibi\.gradle\caches\7.5\fileHashes)" [_thread_blocked, id=12956, stack(0x0000007c77c00000,0x0000007c77d00000)]
  0x0000024703cd6800 JavaThread "File watcher server" daemon [_thread_in_native, id=17932, stack(0x0000007c77d00000,0x0000007c77e00000)]
  0x0000024703cd7800 JavaThread "File watcher consumer" daemon [_thread_blocked, id=21288, stack(0x0000007c77e00000,0x0000007c77f00000)]
  0x0000024703cda000 JavaThread "Cache worker for file content cache (C:\Users\dhibi\.gradle\caches\7.5\fileContent)" [_thread_blocked, id=3380, stack(0x0000007c78100000,0x0000007c78200000)]
  0x0000024703ce0800 JavaThread "Cache worker for execution history cache (C:\Users\dhibi\.gradle\caches\7.5\executionHistory)" [_thread_blocked, id=6736, stack(0x0000007c78400000,0x0000007c78500000)]
  0x0000024703cde000 JavaThread "jar transforms" [_thread_blocked, id=20564, stack(0x0000007c78500000,0x0000007c78600000)]
  0x0000024703cdd000 JavaThread "jar transforms Thread 2" [_thread_blocked, id=8836, stack(0x0000007c78700000,0x0000007c78800000)]
  0x0000024703cdf800 JavaThread "jar transforms Thread 3" [_thread_blocked, id=6108, stack(0x0000007c78800000,0x0000007c78900000)]
  0x0000024703cdb800 JavaThread "jar transforms Thread 4" [_thread_blocked, id=556, stack(0x0000007c78900000,0x0000007c78a00000)]
  0x0000024703cdc000 JavaThread "jar transforms Thread 5" [_thread_blocked, id=8900, stack(0x0000007c78b00000,0x0000007c78c00000)]
  0x0000024702f7b800 JavaThread "jar transforms Thread 6" [_thread_blocked, id=18276, stack(0x0000007c7dd00000,0x0000007c7de00000)]
  0x0000024702f7d000 JavaThread "jar transforms Thread 7" [_thread_blocked, id=12604, stack(0x0000007c7de00000,0x0000007c7df00000)]
  0x0000024702f77800 JavaThread "jar transforms Thread 8" [_thread_blocked, id=11296, stack(0x0000007c7df00000,0x0000007c7e000000)]
  0x0000024702f7f800 JavaThread "Memory manager" [_thread_blocked, id=17276, stack(0x0000007c7e100000,0x0000007c7e200000)]
  0x0000024707f00000 JavaThread "Cache worker for Java compile cache (C:\Users\dhibi\.gradle\caches\7.5\javaCompile)" [_thread_blocked, id=12624, stack(0x0000007c7eb00000,0x0000007c7ec00000)]
  0x00000247050bc000 JavaThread "ForkJoinPool.commonPool-worker-15" daemon [_thread_blocked, id=13996, stack(0x0000007c07d00000,0x0000007c07e00000)]
  0x00000247050b4000 JavaThread "Daemon Thread 11" [_thread_blocked, id=9816, stack(0x0000007c00000000,0x0000007c00100000)]
  0x00000247050b6800 JavaThread "Handler for socket connection from /127.0.0.1:61380 to /127.0.0.1:51228" [_thread_in_native, id=3036, stack(0x0000007c00100000,0x0000007c00200000)]
  0x00000247050b8800 JavaThread "Cancel handler" [_thread_blocked, id=5764, stack(0x0000007c00200000,0x0000007c00300000)]
  0x00000247050b8000 JavaThread "Daemon worker Thread 11" [_thread_in_Java, id=1436, stack(0x0000007c00300000,0x0000007c00400000)]
  0x00000247050b4800 JavaThread "Asynchronous log dispatcher for DefaultDaemonConnection: socket connection from /127.0.0.1:61380 to /127.0.0.1:51228" [_thread_in_vm, id=17068, stack(0x0000007c00400000,0x0000007c00500000)]
  0x00000247050b7000 JavaThread "Stdin handler" [_thread_blocked, id=10040, stack(0x0000007c00500000,0x0000007c00600000)]
  0x00000247050b3000 JavaThread "Daemon client event forwarder" [_thread_blocked, id=12968, stack(0x0000007c00600000,0x0000007c00700000)]
  0x00000247050c1000 JavaThread "Unconstrained build operations" [_thread_blocked, id=15076, stack(0x0000007c00d00000,0x0000007c00e00000)]
  0x00000247050bd800 JavaThread "Unconstrained build operations Thread 2" [_thread_blocked, id=14648, stack(0x0000007c00e00000,0x0000007c00f00000)]
  0x00000247050be800 JavaThread "Unconstrained build operations Thread 3" [_thread_blocked, id=16372, stack(0x0000007c00f00000,0x0000007c01000000)]
  0x00000247050bf800 JavaThread "Unconstrained build operations Thread 4" [_thread_blocked, id=1488, stack(0x0000007c01000000,0x0000007c01100000)]
  0x00000247050c0000 JavaThread "Unconstrained build operations Thread 5" [_thread_blocked, id=7668, stack(0x0000007c01100000,0x0000007c01200000)]
  0x0000024707d93000 JavaThread "Unconstrained build operations Thread 6" [_thread_blocked, id=13604, stack(0x0000007c01200000,0x0000007c01300000)]
  0x0000024707d95000 JavaThread "Unconstrained build operations Thread 7" [_thread_blocked, id=2420, stack(0x0000007c01300000,0x0000007c01400000)]
  0x0000024707d98000 JavaThread "Unconstrained build operations Thread 8" [_thread_blocked, id=20876, stack(0x0000007c01400000,0x0000007c01500000)]
  0x0000024707d97800 JavaThread "Unconstrained build operations Thread 9" [_thread_blocked, id=19228, stack(0x0000007c01500000,0x0000007c01600000)]
  0x0000024707d95800 JavaThread "Unconstrained build operations Thread 10" [_thread_blocked, id=14936, stack(0x0000007c01600000,0x0000007c01700000)]
  0x0000024707d99000 JavaThread "Unconstrained build operations Thread 11" [_thread_blocked, id=4600, stack(0x0000007c01700000,0x0000007c01800000)]
  0x0000024707d96800 JavaThread "Unconstrained build operations Thread 12" [_thread_blocked, id=6796, stack(0x0000007c01800000,0x0000007c01900000)]
  0x0000024707d9a000 JavaThread "Unconstrained build operations Thread 13" [_thread_blocked, id=9860, stack(0x0000007c01900000,0x0000007c01a00000)]
  0x0000024707d94000 JavaThread "Unconstrained build operations Thread 14" [_thread_blocked, id=14684, stack(0x0000007c01a00000,0x0000007c01b00000)]
  0x0000024707d9e800 JavaThread "Unconstrained build operations Thread 15" [_thread_blocked, id=4220, stack(0x0000007c01b00000,0x0000007c01c00000)]
  0x0000024707d9f800 JavaThread "Unconstrained build operations Thread 16" [_thread_blocked, id=17152, stack(0x0000007c01c00000,0x0000007c01d00000)]
  0x0000024707d9e000 JavaThread "Unconstrained build operations Thread 17" [_thread_blocked, id=10236, stack(0x0000007c01d00000,0x0000007c01e00000)]
  0x0000024707d9a800 JavaThread "Unconstrained build operations Thread 18" [_thread_blocked, id=13496, stack(0x0000007c01e00000,0x0000007c01f00000)]
  0x0000024707d9b800 JavaThread "Unconstrained build operations Thread 19" [_thread_blocked, id=18300, stack(0x0000007c01f00000,0x0000007c02000000)]
  0x0000024707d9c000 JavaThread "Unconstrained build operations Thread 20" [_thread_blocked, id=7628, stack(0x0000007c02000000,0x0000007c02100000)]
  0x0000024707da1000 JavaThread "Unconstrained build operations Thread 21" [_thread_blocked, id=18660, stack(0x0000007c02100000,0x0000007c02200000)]
  0x0000024707da2000 JavaThread "Unconstrained build operations Thread 22" [_thread_blocked, id=7956, stack(0x0000007c02200000,0x0000007c02300000)]
  0x0000024707d9d000 JavaThread "Unconstrained build operations Thread 23" [_thread_blocked, id=6688, stack(0x0000007c02300000,0x0000007c02400000)]
  0x0000024707fb2800 JavaThread "Unconstrained build operations Thread 24" [_thread_blocked, id=11908, stack(0x0000007c02400000,0x0000007c02500000)]
  0x0000024707fb9000 JavaThread "Unconstrained build operations Thread 25" [_thread_blocked, id=18464, stack(0x0000007c02500000,0x0000007c02600000)]
  0x0000024707fb8000 JavaThread "Unconstrained build operations Thread 26" [_thread_blocked, id=4344, stack(0x0000007c02600000,0x0000007c02700000)]
  0x0000024707fb4000 JavaThread "Unconstrained build operations Thread 27" [_thread_blocked, id=10276, stack(0x0000007c02700000,0x0000007c02800000)]
  0x0000024707fb3800 JavaThread "Unconstrained build operations Thread 28" [_thread_blocked, id=364, stack(0x0000007c02800000,0x0000007c02900000)]
  0x0000024707fb5000 JavaThread "Unconstrained build operations Thread 29" [_thread_blocked, id=16652, stack(0x0000007c02900000,0x0000007c02a00000)]
  0x0000024707fbb800 JavaThread "Unconstrained build operations Thread 30" [_thread_blocked, id=6576, stack(0x0000007c02a00000,0x0000007c02b00000)]
  0x0000024707fb5800 JavaThread "Unconstrained build operations Thread 31" [_thread_blocked, id=10848, stack(0x0000007c02b00000,0x0000007c02c00000)]
  0x0000024707fb6800 JavaThread "Unconstrained build operations Thread 32" [_thread_blocked, id=21140, stack(0x0000007c02c00000,0x0000007c02d00000)]

Other Threads:
  0x000002477eade800 VMThread "VM Thread" [stack: 0x0000007c75c00000,0x0000007c75d00000] [id=17544]
  0x000002477f5f8000 WatcherThread [stack: 0x0000007c76600000,0x0000007c76700000] [id=10212]
  0x000002476445d800 GCTaskThread "GC Thread#0" [stack: 0x0000007c75700000,0x0000007c75800000] [id=20004]
  0x000002470291e800 GCTaskThread "GC Thread#1" [stack: 0x0000007c76800000,0x0000007c76900000] [id=18544]
  0x0000024702920000 GCTaskThread "GC Thread#2" [stack: 0x0000007c76a00000,0x0000007c76b00000] [id=13348]
  0x000002470291b800 GCTaskThread "GC Thread#3" [stack: 0x0000007c76b00000,0x0000007c76c00000] [id=14308]
  0x0000024702920800 GCTaskThread "GC Thread#4" [stack: 0x0000007c77600000,0x0000007c77700000] [id=9840]
  0x000002470291c800 GCTaskThread "GC Thread#5" [stack: 0x0000007c77700000,0x0000007c77800000] [id=1584]
  0x0000024702921800 GCTaskThread "GC Thread#6" [stack: 0x0000007c77800000,0x0000007c77900000] [id=17876]
  0x000002470291f000 GCTaskThread "GC Thread#7" [stack: 0x0000007c77900000,0x0000007c77a00000] [id=16668]
  0x00000247646bf800 ConcurrentGCThread "G1 Main Marker" [stack: 0x0000007c75800000,0x0000007c75900000] [id=17776]
  0x00000247646c1800 ConcurrentGCThread "G1 Conc#0" [stack: 0x0000007c75900000,0x0000007c75a00000] [id=7552]
  0x000002470291b000 ConcurrentGCThread "G1 Conc#1" [stack: 0x0000007c76d00000,0x0000007c76e00000] [id=11196]
  0x0000024764748800 ConcurrentGCThread "G1 Refine#0" [stack: 0x0000007c75a00000,0x0000007c75b00000] [id=7752]
  0x00000247039c0800 ConcurrentGCThread "G1 Refine#1" [stack: 0x0000007c76c00000,0x0000007c76d00000] [id=20884]
  0x000002476474c000 ConcurrentGCThread "G1 Young RemSet Sampling" [stack: 0x0000007c75b00000,0x0000007c75c00000] [id=3216]

Threads with active compile tasks:
C2 CompilerThread0  3367638 24456       4       java.io.ObjectOutputStream::writeClassDesc (60 bytes)

VM state:not at safepoint (normal execution)

VM Mutex/Monitor currently owned by a thread: None

OutOfMemory and StackOverflow Exception counts:
OutOfMemoryError java_heap_errors=1
LinkageErrors=245

Heap address: 0x0000000080000000, size: 2048 MB, Compressed Oops mode: 32-bit
Narrow klass base: 0x0000000000000000, Narrow klass shift: 3
Compressed class space size: 1073741824 Address: 0x0000000100000000

Heap:
 garbage-first heap   total 206848K, used 153065K [0x0000000080000000, 0x0000000100000000)
  region size 1024K, 36 young (36864K), 2 survivors (2048K)
 Metaspace       used 122640K, capacity 126746K, committed 127784K, reserved 1159168K
  class space    used 15367K, capacity 16873K, committed 17572K, reserved 1048576K
Heap Regions: E=young(eden), S=young(survivor), O=old, HS=humongous(starts), HC=humongous(continues), CS=collection set, F=free, A=archive, TAMS=top-at-mark-start (previous, next)
|   0|0x0000000080000000, 0x0000000080100000, 0x0000000080100000|100%| O|  |TAMS 0x0000000080100000, 0x0000000080000000| Complete 
|   1|0x0000000080100000, 0x0000000080200000, 0x0000000080200000|100%| O|  |TAMS 0x0000000080200000, 0x0000000080100000| Untracked 
|   2|0x0000000080200000, 0x0000000080300000, 0x0000000080300000|100%| O|  |TAMS 0x0000000080300000, 0x0000000080200000| Complete 
|   3|0x0000000080300000, 0x0000000080400000, 0x0000000080400000|100%|HS|  |TAMS 0x0000000080400000, 0x0000000080300000| Complete 
|   4|0x0000000080400000, 0x0000000080500000, 0x0000000080500000|100%|HC|  |TAMS 0x0000000080500000, 0x0000000080400000| Complete 
|   5|0x0000000080500000, 0x0000000080600000, 0x0000000080600000|100%|HC|  |TAMS 0x0000000080600000, 0x0000000080500000| Complete 
|   6|0x0000000080600000, 0x0000000080700000, 0x0000000080700000|100%| O|  |TAMS 0x0000000080700000, 0x0000000080600000| Untracked 
|   7|0x0000000080700000, 0x0000000080800000, 0x0000000080800000|100%| O|  |TAMS 0x0000000080800000, 0x0000000080700000| Untracked 
|   8|0x0000000080800000, 0x0000000080900000, 0x0000000080900000|100%| O|  |TAMS 0x0000000080900000, 0x0000000080800000| Untracked 
|   9|0x0000000080900000, 0x0000000080a00000, 0x0000000080a00000|100%| O|  |TAMS 0x0000000080a00000, 0x0000000080900000| Untracked 
|  10|0x0000000080a00000, 0x0000000080b00000, 0x0000000080b00000|100%| O|  |TAMS 0x0000000080b00000, 0x0000000080a00000| Untracked 
|  11|0x0000000080b00000, 0x0000000080c00000, 0x0000000080c00000|100%| O|  |TAMS 0x0000000080c00000, 0x0000000080b00000| Untracked 
|  12|0x0000000080c00000, 0x0000000080d00000, 0x0000000080d00000|100%| O|  |TAMS 0x0000000080d00000, 0x0000000080c00000| Untracked 
|  13|0x0000000080d00000, 0x0000000080e00000, 0x0000000080e00000|100%| O|  |TAMS 0x0000000080e00000, 0x0000000080d00000| Untracked 
|  14|0x0000000080e00000, 0x0000000080f00000, 0x0000000080f00000|100%| O|  |TAMS 0x0000000080f00000, 0x0000000080e00000| Untracked 
|  15|0x0000000080f00000, 0x0000000081000000, 0x0000000081000000|100%| O|  |TAMS 0x0000000081000000, 0x0000000080f00000| Complete 
|  16|0x0000000081000000, 0x0000000081100000, 0x0000000081100000|100%| O|  |TAMS 0x0000000081100000, 0x0000000081000000| Untracked 
|  17|0x0000000081100000, 0x0000000081200000, 0x0000000081200000|100%| O|  |TAMS 0x0000000081200000, 0x0000000081100000| Complete 
|  18|0x0000000081200000, 0x0000000081300000, 0x0000000081300000|100%| O|  |TAMS 0x0000000081300000, 0x0000000081200000| Complete 
|  19|0x0000000081300000, 0x0000000081400000, 0x0000000081400000|100%| O|  |TAMS 0x0000000081400000, 0x0000000081300000| Complete 
|  20|0x0000000081400000, 0x0000000081500000, 0x0000000081500000|100%| O|  |TAMS 0x0000000081500000, 0x0000000081400000| Complete 
|  21|0x0000000081500000, 0x0000000081600000, 0x0000000081600000|100%| O|  |TAMS 0x0000000081600000, 0x0000000081500000| Complete 
|  22|0x0000000081600000, 0x0000000081700000, 0x0000000081700000|100%| O|  |TAMS 0x0000000081700000, 0x0000000081600000| Complete 
|  23|0x0000000081700000, 0x0000000081800000, 0x0000000081800000|100%| O|  |TAMS 0x0000000081800000, 0x0000000081700000| Untracked 
|  24|0x0000000081800000, 0x0000000081900000, 0x0000000081900000|100%| O|  |TAMS 0x0000000081900000, 0x0000000081800000| Untracked 
|  25|0x0000000081900000, 0x0000000081a00000, 0x0000000081a00000|100%| O|  |TAMS 0x0000000081a00000, 0x0000000081900000| Untracked 
|  26|0x0000000081a00000, 0x0000000081b00000, 0x0000000081b00000|100%| O|  |TAMS 0x0000000081b00000, 0x0000000081a00000| Complete 
|  27|0x0000000081b00000, 0x0000000081c00000, 0x0000000081c00000|100%|HS|  |TAMS 0x0000000081b00000, 0x0000000081b00000| Complete 
|  28|0x0000000081c00000, 0x0000000081d00000, 0x0000000081d00000|100%| O|  |TAMS 0x0000000081d00000, 0x0000000081c00000| Complete 
|  29|0x0000000081d00000, 0x0000000081e00000, 0x0000000081e00000|100%|HS|  |TAMS 0x0000000081e00000, 0x0000000081d00000| Complete 
|  30|0x0000000081e00000, 0x0000000081f00000, 0x0000000081f00000|100%|HS|  |TAMS 0x0000000081f00000, 0x0000000081e00000| Complete 
|  31|0x0000000081f00000, 0x0000000082000000, 0x0000000082000000|100%| O|  |TAMS 0x0000000082000000, 0x0000000081f00000| Untracked 
|  32|0x0000000082000000, 0x0000000082100000, 0x0000000082100000|100%| O|  |TAMS 0x0000000082100000, 0x0000000082000000| Complete 
|  33|0x0000000082100000, 0x0000000082200000, 0x0000000082200000|100%| O|  |TAMS 0x0000000082200000, 0x0000000082100000| Complete 
|  34|0x0000000082200000, 0x0000000082300000, 0x0000000082300000|100%| O|  |TAMS 0x0000000082300000, 0x0000000082200000| Untracked 
|  35|0x0000000082300000, 0x0000000082400000, 0x0000000082400000|100%| O|  |TAMS 0x0000000082400000, 0x0000000082300000| Complete 
|  36|0x0000000082400000, 0x0000000082500000, 0x0000000082500000|100%| O|  |TAMS 0x0000000082500000, 0x0000000082400000| Untracked 
|  37|0x0000000082500000, 0x0000000082600000, 0x0000000082600000|100%| O|  |TAMS 0x0000000082600000, 0x0000000082500000| Untracked 
|  38|0x0000000082600000, 0x0000000082700000, 0x0000000082700000|100%| O|  |TAMS 0x0000000082700000, 0x0000000082600000| Untracked 
|  39|0x0000000082700000, 0x0000000082800000, 0x0000000082800000|100%| O|  |TAMS 0x0000000082800000, 0x0000000082700000| Untracked 
|  40|0x0000000082800000, 0x0000000082900000, 0x0000000082900000|100%| O|  |TAMS 0x0000000082900000, 0x0000000082800000| Complete 
|  41|0x0000000082900000, 0x0000000082a00000, 0x0000000082a00000|100%| O|  |TAMS 0x0000000082a00000, 0x0000000082900000| Complete 
|  42|0x0000000082a00000, 0x0000000082b00000, 0x0000000082b00000|100%| O|  |TAMS 0x0000000082b00000, 0x0000000082a00000| Complete 
|  43|0x0000000082b00000, 0x0000000082c00000, 0x0000000082c00000|100%| O|  |TAMS 0x0000000082c00000, 0x0000000082b00000| Untracked 
|  44|0x0000000082c00000, 0x0000000082d00000, 0x0000000082d00000|100%| O|  |TAMS 0x0000000082d00000, 0x0000000082c00000| Complete 
|  45|0x0000000082d00000, 0x0000000082e00000, 0x0000000082e00000|100%| O|  |TAMS 0x0000000082e00000, 0x0000000082d00000| Complete 
|  46|0x0000000082e00000, 0x0000000082f00000, 0x0000000082f00000|100%| O|  |TAMS 0x0000000082f00000, 0x0000000082e00000| Complete 
|  47|0x0000000082f00000, 0x0000000083000000, 0x0000000083000000|100%| O|  |TAMS 0x0000000083000000, 0x0000000082f00000| Complete 
|  48|0x0000000083000000, 0x0000000083100000, 0x0000000083100000|100%| O|  |TAMS 0x0000000083100000, 0x0000000083000000| Untracked 
|  49|0x0000000083100000, 0x0000000083100000, 0x0000000083200000|  0%| F|  |TAMS 0x0000000083100000, 0x0000000083100000| Untracked 
|  50|0x0000000083200000, 0x0000000083300000, 0x0000000083300000|100%| O|  |TAMS 0x0000000083300000, 0x0000000083200000| Complete 
|  51|0x0000000083300000, 0x0000000083400000, 0x0000000083400000|100%| O|  |TAMS 0x0000000083400000, 0x0000000083300000| Untracked 
|  52|0x0000000083400000, 0x0000000083400000, 0x0000000083500000|  0%| F|  |TAMS 0x0000000083400000, 0x0000000083400000| Untracked 
|  53|0x0000000083500000, 0x0000000083600000, 0x0000000083600000|100%| O|  |TAMS 0x0000000083600000, 0x0000000083500000| Complete 
|  54|0x0000000083600000, 0x0000000083700000, 0x0000000083700000|100%| O|  |TAMS 0x0000000083700000, 0x0000000083600000| Untracked 
|  55|0x0000000083700000, 0x0000000083800000, 0x0000000083800000|100%| O|  |TAMS 0x0000000083800000, 0x0000000083700000| Complete 
|  56|0x0000000083800000, 0x0000000083900000, 0x0000000083900000|100%| O|  |TAMS 0x0000000083900000, 0x0000000083800000| Complete 
|  57|0x0000000083900000, 0x0000000083a00000, 0x0000000083a00000|100%| O|  |TAMS 0x0000000083a00000, 0x0000000083900000| Untracked 
|  58|0x0000000083a00000, 0x0000000083a00000, 0x0000000083b00000|  0%| F|  |TAMS 0x0000000083a00000, 0x0000000083a00000| Untracked 
|  59|0x0000000083b00000, 0x0000000083c00000, 0x0000000083c00000|100%| O|  |TAMS 0x0000000083c00000, 0x0000000083b00000| Untracked 
|  60|0x0000000083c00000, 0x0000000083d00000, 0x0000000083d00000|100%| O|  |TAMS 0x0000000083d00000, 0x0000000083c00000| Complete 
|  61|0x0000000083d00000, 0x0000000083d00000, 0x0000000083e00000|  0%| F|  |TAMS 0x0000000083d00000, 0x0000000083d00000| Untracked 
|  62|0x0000000083e00000, 0x0000000083f00000, 0x0000000083f00000|100%| O|  |TAMS 0x0000000083f00000, 0x0000000083e00000| Complete 
|  63|0x0000000083f00000, 0x0000000084000000, 0x0000000084000000|100%| O|  |TAMS 0x0000000084000000, 0x0000000083f00000| Complete 
|  64|0x0000000084000000, 0x0000000084100000, 0x0000000084100000|100%| O|  |TAMS 0x0000000084100000, 0x0000000084000000| Complete 
|  65|0x0000000084100000, 0x0000000084200000, 0x0000000084200000|100%| O|  |TAMS 0x0000000084200000, 0x0000000084100000| Untracked 
|  66|0x0000000084200000, 0x0000000084300000, 0x0000000084300000|100%| O|  |TAMS 0x0000000084300000, 0x0000000084200000| Complete 
|  67|0x0000000084300000, 0x0000000084400000, 0x0000000084400000|100%| O|  |TAMS 0x0000000084400000, 0x0000000084300000| Untracked 
|  68|0x0000000084400000, 0x0000000084400000, 0x0000000084500000|  0%| F|  |TAMS 0x0000000084400000, 0x0000000084400000| Untracked 
|  69|0x0000000084500000, 0x0000000084600000, 0x0000000084600000|100%| O|  |TAMS 0x0000000084600000, 0x0000000084500000| Untracked 
|  70|0x0000000084600000, 0x0000000084700000, 0x0000000084700000|100%| O|  |TAMS 0x0000000084700000, 0x0000000084600000| Untracked 
|  71|0x0000000084700000, 0x0000000084800000, 0x0000000084800000|100%|HS|  |TAMS 0x0000000084700000, 0x0000000084700000| Complete 
|  72|0x0000000084800000, 0x0000000084900000, 0x0000000084900000|100%|HC|  |TAMS 0x0000000084800000, 0x0000000084800000| Complete 
|  73|0x0000000084900000, 0x0000000084a00000, 0x0000000084a00000|100%| O|  |TAMS 0x0000000084a00000, 0x0000000084900000| Untracked 
|  74|0x0000000084a00000, 0x0000000084b00000, 0x0000000084b00000|100%| O|  |TAMS 0x0000000084b00000, 0x0000000084a00000| Complete 
|  75|0x0000000084b00000, 0x0000000084c00000, 0x0000000084c00000|100%| O|  |TAMS 0x0000000084c00000, 0x0000000084b00000| Untracked 
|  76|0x0000000084c00000, 0x0000000084d00000, 0x0000000084d00000|100%| O|  |TAMS 0x0000000084d00000, 0x0000000084c00000| Complete 
|  77|0x0000000084d00000, 0x0000000084e00000, 0x0000000084e00000|100%| O|  |TAMS 0x0000000084e00000, 0x0000000084d00000| Untracked 
|  78|0x0000000084e00000, 0x0000000084f00000, 0x0000000084f00000|100%| O|  |TAMS 0x0000000084f00000, 0x0000000084e00000| Complete 
|  79|0x0000000084f00000, 0x0000000085000000, 0x0000000085000000|100%| O|  |TAMS 0x0000000085000000, 0x0000000084f00000| Complete 
|  80|0x0000000085000000, 0x0000000085100000, 0x0000000085100000|100%| O|  |TAMS 0x0000000085100000, 0x0000000085000000| Untracked 
|  81|0x0000000085100000, 0x0000000085200000, 0x0000000085200000|100%| O|  |TAMS 0x0000000085200000, 0x0000000085100000| Untracked 
|  82|0x0000000085200000, 0x0000000085300000, 0x0000000085300000|100%| O|  |TAMS 0x0000000085300000, 0x0000000085200000| Untracked 
|  83|0x0000000085300000, 0x0000000085400000, 0x0000000085400000|100%| O|  |TAMS 0x0000000085400000, 0x0000000085300000| Untracked 
|  84|0x0000000085400000, 0x0000000085500000, 0x0000000085500000|100%| O|  |TAMS 0x0000000085500000, 0x0000000085400000| Untracked 
|  85|0x0000000085500000, 0x0000000085600000, 0x0000000085600000|100%|HS|  |TAMS 0x0000000085500000, 0x0000000085500000| Complete 
|  86|0x0000000085600000, 0x0000000085700000, 0x0000000085700000|100%|HC|  |TAMS 0x0000000085600000, 0x0000000085600000| Complete 
|  87|0x0000000085700000, 0x0000000085800000, 0x0000000085800000|100%| O|  |TAMS 0x0000000085800000, 0x0000000085700000| Untracked 
|  88|0x0000000085800000, 0x0000000085900000, 0x0000000085900000|100%| O|  |TAMS 0x0000000085900000, 0x0000000085800000| Complete 
|  89|0x0000000085900000, 0x0000000085a00000, 0x0000000085a00000|100%| O|  |TAMS 0x0000000085a00000, 0x0000000085900000| Complete 
|  90|0x0000000085a00000, 0x0000000085b00000, 0x0000000085b00000|100%| O|  |TAMS 0x0000000085b00000, 0x0000000085a00000| Untracked 
|  91|0x0000000085b00000, 0x0000000085c00000, 0x0000000085c00000|100%| O|  |TAMS 0x0000000085c00000, 0x0000000085b00000| Untracked 
|  92|0x0000000085c00000, 0x0000000085d00000, 0x0000000085d00000|100%| O|  |TAMS 0x0000000085d00000, 0x0000000085c00000| Untracked 
|  93|0x0000000085d00000, 0x0000000085d00000, 0x0000000085e00000|  0%| F|  |TAMS 0x0000000085d00000, 0x0000000085d00000| Untracked 
|  94|0x0000000085e00000, 0x0000000085f00000, 0x0000000085f00000|100%| O|  |TAMS 0x0000000085f00000, 0x0000000085e00000| Untracked 
|  95|0x0000000085f00000, 0x0000000086000000, 0x0000000086000000|100%| O|  |TAMS 0x0000000086000000, 0x0000000085f00000| Complete 
|  96|0x0000000086000000, 0x0000000086000000, 0x0000000086100000|  0%| F|  |TAMS 0x0000000086000000, 0x0000000086000000| Untracked 
|  97|0x0000000086100000, 0x0000000086200000, 0x0000000086200000|100%| O|  |TAMS 0x0000000086200000, 0x0000000086100000| Untracked 
|  98|0x0000000086200000, 0x0000000086300000, 0x0000000086300000|100%| O|  |TAMS 0x0000000086300000, 0x0000000086200000| Untracked 
|  99|0x0000000086300000, 0x0000000086400000, 0x0000000086400000|100%| O|  |TAMS 0x0000000086400000, 0x0000000086300000| Untracked 
| 100|0x0000000086400000, 0x0000000086500000, 0x0000000086500000|100%| O|  |TAMS 0x0000000086500000, 0x0000000086400000| Untracked 
| 101|0x0000000086500000, 0x0000000086600000, 0x0000000086600000|100%| O|  |TAMS 0x0000000086600000, 0x0000000086500000| Untracked 
| 102|0x0000000086600000, 0x00000000866eb200, 0x0000000086700000| 91%| O|  |TAMS 0x00000000866eb200, 0x0000000086600000| Untracked 
| 103|0x0000000086700000, 0x0000000086800000, 0x0000000086800000|100%| O|  |TAMS 0x0000000086800000, 0x0000000086700000| Untracked 
| 104|0x0000000086800000, 0x0000000086900000, 0x0000000086900000|100%|HS|  |TAMS 0x0000000086800000, 0x0000000086800000| Complete 
| 105|0x0000000086900000, 0x0000000086a00000, 0x0000000086a00000|100%|HC|  |TAMS 0x0000000086900000, 0x0000000086900000| Complete 
| 106|0x0000000086a00000, 0x0000000086a00000, 0x0000000086b00000|  0%| F|  |TAMS 0x0000000086a00000, 0x0000000086a00000| Untracked 
| 107|0x0000000086b00000, 0x0000000086c00000, 0x0000000086c00000|100%|HS|  |TAMS 0x0000000086c00000, 0x0000000086b00000| Complete 
| 108|0x0000000086c00000, 0x0000000086d00000, 0x0000000086d00000|100%|HC|  |TAMS 0x0000000086d00000, 0x0000000086c00000| Complete 
| 109|0x0000000086d00000, 0x0000000086e00000, 0x0000000086e00000|100%|HS|  |TAMS 0x0000000086d00000, 0x0000000086d00000| Complete 
| 110|0x0000000086e00000, 0x0000000086f00000, 0x0000000086f00000|100%|HC|  |TAMS 0x0000000086e00000, 0x0000000086e00000| Complete 
| 111|0x0000000086f00000, 0x0000000087000000, 0x0000000087000000|100%|HS|  |TAMS 0x0000000086f00000, 0x0000000086f00000| Complete 
| 112|0x0000000087000000, 0x0000000087100000, 0x0000000087100000|100%|HC|  |TAMS 0x0000000087000000, 0x0000000087000000| Complete 
| 113|0x0000000087100000, 0x0000000087200000, 0x0000000087200000|100%|HS|  |TAMS 0x0000000087100000, 0x0000000087100000| Complete 
| 114|0x0000000087200000, 0x0000000087300000, 0x0000000087300000|100%|HC|  |TAMS 0x0000000087200000, 0x0000000087200000| Complete 
| 115|0x0000000087300000, 0x0000000087400000, 0x0000000087400000|100%|HS|  |TAMS 0x0000000087300000, 0x0000000087300000| Complete 
| 116|0x0000000087400000, 0x0000000087500000, 0x0000000087500000|100%|HC|  |TAMS 0x0000000087400000, 0x0000000087400000| Complete 
| 117|0x0000000087500000, 0x0000000087500000, 0x0000000087600000|  0%| F|  |TAMS 0x0000000087500000, 0x0000000087500000| Untracked 
| 118|0x0000000087600000, 0x0000000087600000, 0x0000000087700000|  0%| F|  |TAMS 0x0000000087600000, 0x0000000087600000| Untracked 
| 119|0x0000000087700000, 0x0000000087700000, 0x0000000087800000|  0%| F|  |TAMS 0x0000000087700000, 0x0000000087700000| Untracked 
| 120|0x0000000087800000, 0x0000000087800000, 0x0000000087900000|  0%| F|  |TAMS 0x0000000087800000, 0x0000000087800000| Untracked 
| 121|0x0000000087900000, 0x0000000087900000, 0x0000000087a00000|  0%| F|  |TAMS 0x0000000087900000, 0x0000000087900000| Untracked 
| 122|0x0000000087a00000, 0x0000000087a00000, 0x0000000087b00000|  0%| F|  |TAMS 0x0000000087a00000, 0x0000000087a00000| Untracked 
| 123|0x0000000087b00000, 0x0000000087b00000, 0x0000000087c00000|  0%| F|  |TAMS 0x0000000087b00000, 0x0000000087b00000| Untracked 
| 124|0x0000000087c00000, 0x0000000087c00000, 0x0000000087d00000|  0%| F|  |TAMS 0x0000000087c00000, 0x0000000087c00000| Untracked 
| 125|0x0000000087d00000, 0x0000000087e00000, 0x0000000087e00000|100%| O|  |TAMS 0x0000000087e00000, 0x0000000087d00000| Complete 
| 126|0x0000000087e00000, 0x0000000087f00000, 0x0000000087f00000|100%| O|  |TAMS 0x0000000087f00000, 0x0000000087e00000| Untracked 
| 127|0x0000000087f00000, 0x0000000088000000, 0x0000000088000000|100%| O|  |TAMS 0x0000000088000000, 0x0000000087f00000| Untracked 
| 128|0x0000000088000000, 0x0000000088100000, 0x0000000088100000|100%| O|  |TAMS 0x0000000088100000, 0x0000000088000000| Complete 
| 129|0x0000000088100000, 0x0000000088100000, 0x0000000088200000|  0%| F|  |TAMS 0x0000000088100000, 0x0000000088100000| Untracked 
| 130|0x0000000088200000, 0x0000000088200000, 0x0000000088300000|  0%| F|  |TAMS 0x0000000088200000, 0x0000000088200000| Untracked 
| 131|0x0000000088300000, 0x0000000088300000, 0x0000000088400000|  0%| F|  |TAMS 0x0000000088300000, 0x0000000088300000| Untracked 
| 132|0x0000000088400000, 0x0000000088500000, 0x0000000088500000|100%| O|  |TAMS 0x0000000088500000, 0x0000000088400000| Untracked 
| 133|0x0000000088500000, 0x0000000088500000, 0x0000000088600000|  0%| F|  |TAMS 0x0000000088500000, 0x0000000088500000| Untracked 
| 134|0x0000000088600000, 0x0000000088600000, 0x0000000088700000|  0%| F|  |TAMS 0x0000000088600000, 0x0000000088600000| Untracked 
| 135|0x0000000088700000, 0x0000000088700000, 0x0000000088800000|  0%| F|  |TAMS 0x0000000088700000, 0x0000000088700000| Untracked 
| 136|0x0000000088800000, 0x0000000088800000, 0x0000000088900000|  0%| F|  |TAMS 0x0000000088800000, 0x0000000088800000| Untracked 
| 137|0x0000000088900000, 0x0000000088900000, 0x0000000088a00000|  0%| F|  |TAMS 0x0000000088900000, 0x0000000088900000| Untracked 
| 138|0x0000000088a00000, 0x0000000088a00000, 0x0000000088b00000|  0%| F|  |TAMS 0x0000000088a00000, 0x0000000088a00000| Untracked 
| 139|0x0000000088b00000, 0x0000000088b00000, 0x0000000088c00000|  0%| F|  |TAMS 0x0000000088b00000, 0x0000000088b00000| Untracked 
| 140|0x0000000088c00000, 0x0000000088c00000, 0x0000000088d00000|  0%| F|  |TAMS 0x0000000088c00000, 0x0000000088c00000| Untracked 
| 141|0x0000000088d00000, 0x0000000088d00000, 0x0000000088e00000|  0%| F|  |TAMS 0x0000000088d00000, 0x0000000088d00000| Untracked 
| 142|0x0000000088e00000, 0x0000000088e00000, 0x0000000088f00000|  0%| F|  |TAMS 0x0000000088e00000, 0x0000000088e00000| Untracked 
| 143|0x0000000088f00000, 0x0000000089000000, 0x0000000089000000|100%| O|  |TAMS 0x0000000089000000, 0x0000000088f00000| Complete 
| 144|0x0000000089000000, 0x0000000089000000, 0x0000000089100000|  0%| F|  |TAMS 0x0000000089000000, 0x0000000089000000| Untracked 
| 145|0x0000000089100000, 0x0000000089100000, 0x0000000089200000|  0%| F|  |TAMS 0x0000000089100000, 0x0000000089100000| Untracked 
| 146|0x0000000089200000, 0x0000000089200000, 0x0000000089300000|  0%| F|  |TAMS 0x0000000089200000, 0x0000000089200000| Untracked 
| 147|0x0000000089300000, 0x0000000089300000, 0x0000000089400000|  0%| F|  |TAMS 0x0000000089300000, 0x0000000089300000| Untracked 
| 148|0x0000000089400000, 0x0000000089400000, 0x0000000089500000|  0%| F|  |TAMS 0x0000000089400000, 0x0000000089400000| Untracked 
| 149|0x0000000089500000, 0x0000000089500000, 0x0000000089600000|  0%| F|  |TAMS 0x0000000089500000, 0x0000000089500000| Untracked 
| 150|0x0000000089600000, 0x0000000089600000, 0x0000000089700000|  0%| F|  |TAMS 0x0000000089600000, 0x0000000089600000| Untracked 
| 151|0x0000000089700000, 0x0000000089700000, 0x0000000089800000|  0%| F|  |TAMS 0x0000000089700000, 0x0000000089700000| Untracked 
| 152|0x0000000089800000, 0x0000000089800000, 0x0000000089900000|  0%| F|  |TAMS 0x0000000089800000, 0x0000000089800000| Untracked 
| 153|0x0000000089900000, 0x0000000089900000, 0x0000000089a00000|  0%| F|  |TAMS 0x0000000089900000, 0x0000000089900000| Untracked 
| 154|0x0000000089a00000, 0x0000000089a00000, 0x0000000089b00000|  0%| F|  |TAMS 0x0000000089a00000, 0x0000000089a00000| Untracked 
| 155|0x0000000089b00000, 0x0000000089b00000, 0x0000000089c00000|  0%| F|  |TAMS 0x0000000089b00000, 0x0000000089b00000| Untracked 
| 156|0x0000000089c00000, 0x0000000089c00000, 0x0000000089d00000|  0%| F|  |TAMS 0x0000000089c00000, 0x0000000089c00000| Untracked 
| 157|0x0000000089d00000, 0x0000000089d00000, 0x0000000089e00000|  0%| F|  |TAMS 0x0000000089d00000, 0x0000000089d00000| Untracked 
| 158|0x0000000089e00000, 0x0000000089e00000, 0x0000000089f00000|  0%| F|  |TAMS 0x0000000089e00000, 0x0000000089e00000| Untracked 
| 159|0x0000000089f00000, 0x0000000089f00000, 0x000000008a000000|  0%| F|  |TAMS 0x0000000089f00000, 0x0000000089f00000| Untracked 
| 160|0x000000008a000000, 0x000000008a000000, 0x000000008a100000|  0%| F|  |TAMS 0x000000008a000000, 0x000000008a000000| Untracked 
| 161|0x000000008a100000, 0x000000008a100000, 0x000000008a200000|  0%| F|  |TAMS 0x000000008a100000, 0x000000008a100000| Untracked 
| 162|0x000000008a200000, 0x000000008a200000, 0x000000008a300000|  0%| F|  |TAMS 0x000000008a200000, 0x000000008a200000| Untracked 
| 163|0x000000008a300000, 0x000000008a300000, 0x000000008a400000|  0%| F|  |TAMS 0x000000008a300000, 0x000000008a300000| Untracked 
| 164|0x000000008a400000, 0x000000008a400000, 0x000000008a500000|  0%| F|  |TAMS 0x000000008a400000, 0x000000008a400000| Untracked 
| 165|0x000000008a500000, 0x000000008a500000, 0x000000008a600000|  0%| F|  |TAMS 0x000000008a500000, 0x000000008a500000| Untracked 
| 166|0x000000008a600000, 0x000000008a678e60, 0x000000008a700000| 47%| E|  |TAMS 0x000000008a600000, 0x000000008a600000| Complete 
| 167|0x000000008a700000, 0x000000008a800000, 0x000000008a800000|100%| E|CS|TAMS 0x000000008a700000, 0x000000008a700000| Complete 
| 168|0x000000008a800000, 0x000000008a900000, 0x000000008a900000|100%| E|CS|TAMS 0x000000008a800000, 0x000000008a800000| Complete 
| 169|0x000000008a900000, 0x000000008aa00000, 0x000000008aa00000|100%| E|CS|TAMS 0x000000008a900000, 0x000000008a900000| Complete 
| 170|0x000000008aa00000, 0x000000008ab00000, 0x000000008ab00000|100%| E|CS|TAMS 0x000000008aa00000, 0x000000008aa00000| Complete 
| 171|0x000000008ab00000, 0x000000008ac00000, 0x000000008ac00000|100%| E|CS|TAMS 0x000000008ab00000, 0x000000008ab00000| Complete 
| 172|0x000000008ac00000, 0x000000008ad00000, 0x000000008ad00000|100%| E|CS|TAMS 0x000000008ac00000, 0x000000008ac00000| Complete 
| 173|0x000000008ad00000, 0x000000008ae00000, 0x000000008ae00000|100%| E|CS|TAMS 0x000000008ad00000, 0x000000008ad00000| Complete 
| 174|0x000000008ae00000, 0x000000008af00000, 0x000000008af00000|100%| E|CS|TAMS 0x000000008ae00000, 0x000000008ae00000| Complete 
| 175|0x000000008af00000, 0x000000008b000000, 0x000000008b000000|100%| E|CS|TAMS 0x000000008af00000, 0x000000008af00000| Complete 
| 176|0x000000008b000000, 0x000000008b100000, 0x000000008b100000|100%| E|CS|TAMS 0x000000008b000000, 0x000000008b000000| Complete 
| 177|0x000000008b100000, 0x000000008b200000, 0x000000008b200000|100%| E|CS|TAMS 0x000000008b100000, 0x000000008b100000| Complete 
| 178|0x000000008b200000, 0x000000008b300000, 0x000000008b300000|100%| E|CS|TAMS 0x000000008b200000, 0x000000008b200000| Complete 
| 179|0x000000008b300000, 0x000000008b400000, 0x000000008b400000|100%| E|CS|TAMS 0x000000008b300000, 0x000000008b300000| Complete 
| 180|0x000000008b400000, 0x000000008b48f3e0, 0x000000008b500000| 55%| S|CS|TAMS 0x000000008b400000, 0x000000008b400000| Complete 
| 181|0x000000008b500000, 0x000000008b600000, 0x000000008b600000|100%| S|CS|TAMS 0x000000008b500000, 0x000000008b500000| Complete 
| 182|0x000000008b600000, 0x000000008b700000, 0x000000008b700000|100%| E|CS|TAMS 0x000000008b600000, 0x000000008b600000| Complete 
| 183|0x000000008b700000, 0x000000008b800000, 0x000000008b800000|100%| E|CS|TAMS 0x000000008b700000, 0x000000008b700000| Complete 
| 184|0x000000008b800000, 0x000000008b900000, 0x000000008b900000|100%| E|CS|TAMS 0x000000008b800000, 0x000000008b800000| Complete 
| 185|0x000000008b900000, 0x000000008ba00000, 0x000000008ba00000|100%| E|CS|TAMS 0x000000008b900000, 0x000000008b900000| Complete 
| 186|0x000000008ba00000, 0x000000008bb00000, 0x000000008bb00000|100%| E|CS|TAMS 0x000000008ba00000, 0x000000008ba00000| Complete 
| 187|0x000000008bb00000, 0x000000008bc00000, 0x000000008bc00000|100%| E|CS|TAMS 0x000000008bb00000, 0x000000008bb00000| Complete 
| 188|0x000000008bc00000, 0x000000008bd00000, 0x000000008bd00000|100%| E|CS|TAMS 0x000000008bc00000, 0x000000008bc00000| Complete 
| 189|0x000000008bd00000, 0x000000008be00000, 0x000000008be00000|100%| E|CS|TAMS 0x000000008bd00000, 0x000000008bd00000| Complete 
| 190|0x000000008be00000, 0x000000008bf00000, 0x000000008bf00000|100%| E|CS|TAMS 0x000000008be00000, 0x000000008be00000| Complete 
| 191|0x000000008bf00000, 0x000000008c000000, 0x000000008c000000|100%| E|CS|TAMS 0x000000008bf00000, 0x000000008bf00000| Complete 
| 192|0x000000008c000000, 0x000000008c100000, 0x000000008c100000|100%| E|CS|TAMS 0x000000008c000000, 0x000000008c000000| Complete 
| 193|0x000000008c100000, 0x000000008c200000, 0x000000008c200000|100%| E|CS|TAMS 0x000000008c100000, 0x000000008c100000| Complete 
| 194|0x000000008c200000, 0x000000008c300000, 0x000000008c300000|100%| E|CS|TAMS 0x000000008c200000, 0x000000008c200000| Complete 
| 195|0x000000008c300000, 0x000000008c400000, 0x000000008c400000|100%| E|CS|TAMS 0x000000008c300000, 0x000000008c300000| Complete 
| 196|0x000000008c400000, 0x000000008c500000, 0x000000008c500000|100%| E|CS|TAMS 0x000000008c400000, 0x000000008c400000| Complete 
| 197|0x000000008c500000, 0x000000008c600000, 0x000000008c600000|100%| E|CS|TAMS 0x000000008c500000, 0x000000008c500000| Complete 
| 198|0x000000008c600000, 0x000000008c700000, 0x000000008c700000|100%| E|CS|TAMS 0x000000008c600000, 0x000000008c600000| Complete 
| 199|0x000000008c700000, 0x000000008c800000, 0x000000008c800000|100%| E|CS|TAMS 0x000000008c700000, 0x000000008c700000| Complete 
| 200|0x000000008c800000, 0x000000008c900000, 0x000000008c900000|100%| E|CS|TAMS 0x000000008c800000, 0x000000008c800000| Complete 
| 201|0x000000008c900000, 0x000000008ca00000, 0x000000008ca00000|100%| E|CS|TAMS 0x000000008c900000, 0x000000008c900000| Complete 

Card table byte_map: [0x0000024779820000,0x0000024779c20000] _byte_map_base: 0x0000024779420000

Marking Bits (Prev, Next): (CMBitMap*) 0x00000247646b68f8, (CMBitMap*) 0x00000247646b6930
 Prev Bits: [0x000002477a020000, 0x000002477c020000)
 Next Bits: [0x000002477c020000, 0x000002477e020000)

Polling page: 0x0000024764750000

Metaspace:

Usage:
  Non-class:    107.30 MB capacity,   104.76 MB ( 98%) used,     2.06 MB (  2%) free+waste,   489.81 KB ( <1%) overhead. 
      Class:     16.48 MB capacity,    15.01 MB ( 91%) used,     1.26 MB (  8%) free+waste,   214.31 KB (  1%) overhead. 
       Both:    123.78 MB capacity,   119.77 MB ( 97%) used,     3.32 MB (  3%) free+waste,   704.12 KB ( <1%) overhead. 

Virtual space:
  Non-class space:      108.00 MB reserved,     107.63 MB (>99%) committed 
      Class space:        1.00 GB reserved,      17.16 MB (  2%) committed 
             Both:        1.11 GB reserved,     124.79 MB ( 11%) committed 

Chunk freelists:
   Non-Class:  211.00 KB
       Class:  631.00 KB
        Both:  842.00 KB

MaxMetaspaceSize: 17179869184.00 GB
CompressedClassSpaceSize: 1.00 GB
Initial GC threshold: 20.80 MB
Current GC threshold: 207.98 MB
CDS: off

CodeHeap 'non-profiled nmethods': size=120000Kb used=15377Kb max_used=15873Kb free=104623Kb
 bounds [0x0000024771480000, 0x0000024772410000, 0x00000247789b0000]
CodeHeap 'profiled nmethods': size=120000Kb used=48810Kb max_used=51264Kb free=71189Kb
 bounds [0x0000024769f50000, 0x000002476d170000, 0x0000024771480000]
CodeHeap 'non-nmethods': size=5760Kb used=2452Kb max_used=2519Kb free=3307Kb
 bounds [0x00000247699b0000, 0x0000024769c30000, 0x0000024769f50000]
 total_blobs=22992 nmethods=22013 adapters=887
 compilation: enabled
              stopped_count=0, restarted_count=0
 full_count=0

Compilation events (20 events):
Event: 3357.649 Thread 0x000002477eb07800 24467       1       java.lang.StackTraceElement::getMethodName (5 bytes)
Event: 3357.649 Thread 0x000002477eb07800 nmethod 24467 0x0000024771648a90 code [0x0000024771648c40, 0x0000024771648cf8]
Event: 3357.650 Thread 0x000002477eb07800 24460       1       org.gradle.internal.serialize.ExceptionReplacingObjectOutputStream::getObjectTransformer (5 bytes)
Event: 3357.654 Thread 0x000002477eb07800 nmethod 24460 0x0000024771863810 code [0x00000247718639c0, 0x0000024771863a78]
Event: 3357.664 Thread 0x000002477eb07800 24468       3       org.gradle.internal.serialize.ExceptionReplacingObjectOutputStream::replaceObject (11 bytes)
Event: 3357.666 Thread 0x000002477eb07800 nmethod 24468 0x000002476d15ee10 code [0x000002476d15efc0, 0x000002476d15f208]
Event: 3357.666 Thread 0x000002477eb07800 24471   !   3       java.io.ObjectOutputStream::defaultWriteFields (284 bytes)
Event: 3357.671 Thread 0x000002477eb07800 nmethod 24471 0x000002476d15f310 code [0x000002476d15f5c0, 0x000002476d160298]
Event: 3357.671 Thread 0x000002477eb07800 24470       3       java.util.AbstractList::indexOf (65 bytes)
Event: 3357.684 Thread 0x000002477eb07800 nmethod 24470 0x000002476d160910 code [0x000002476d160b60, 0x000002476d161498]
Event: 3357.684 Thread 0x000002477eb07800 24469       3       org.gradle.internal.serialize.ExceptionPlaceholder$2::transform (70 bytes)
Event: 3357.686 Thread 0x000002477eb07800 nmethod 24469 0x000002476d161690 code [0x000002476d1618a0, 0x000002476d161f38]
Event: 3357.686 Thread 0x000002477eb07800 24474       3       java.util.Collections$EmptyList::listIterator (4 bytes)
Event: 3357.686 Thread 0x000002477eb07800 nmethod 24474 0x000002476d162190 code [0x000002476d162340, 0x000002476d162498]
Event: 3357.686 Thread 0x000002477eb07800 24475       3       java.util.Collections::emptyListIterator (4 bytes)
Event: 3357.686 Thread 0x000002477eb07800 nmethod 24475 0x000002476a091a90 code [0x000002476a091c40, 0x000002476a091d38]
Event: 3357.751 Thread 0x000002477eb07800 24476   !   3       org.gradle.internal.serialize.ExceptionReplacingObjectOutputStream$1::transform (15 bytes)
Event: 3357.762 Thread 0x000002477eb07800 nmethod 24476 0x000002476d162590 code [0x000002476d162820, 0x000002476d163348]
Event: 3357.762 Thread 0x000002477eb07800 24477       3       org.gradle.internal.serialize.ExceptionReplacingObjectOutputStream::doReplaceObject (25 bytes)
Event: 3357.764 Thread 0x000002477eb07800 nmethod 24477 0x000002476d163810 code [0x000002476d163a80, 0x000002476d1643f8]

GC Heap History (20 events):
Event: 2211.731 GC heap before
{Heap before GC invocations=116 (full 0):
 garbage-first heap   total 206848K, used 142376K [0x0000000080000000, 0x0000000100000000)
  region size 1024K, 32 young (32768K), 2 survivors (2048K)
 Metaspace       used 121899K, capacity 126052K, committed 127272K, reserved 1159168K
  class space    used 15332K, capacity 16846K, committed 17572K, reserved 1048576K
}
Event: 2211.744 GC heap after
{Heap after GC invocations=117 (full 0):
 garbage-first heap   total 206848K, used 116598K [0x0000000080000000, 0x0000000100000000)
  region size 1024K, 5 young (5120K), 5 survivors (5120K)
 Metaspace       used 121899K, capacity 126052K, committed 127272K, reserved 1159168K
  class space    used 15332K, capacity 16846K, committed 17572K, reserved 1048576K
}
Event: 2212.709 GC heap before
{Heap before GC invocations=118 (full 0):
 garbage-first heap   total 206848K, used 161654K [0x0000000080000000, 0x0000000100000000)
  region size 1024K, 48 young (49152K), 5 survivors (5120K)
 Metaspace       used 121944K, capacity 126054K, committed 127272K, reserved 1159168K
  class space    used 15332K, capacity 16846K, committed 17572K, reserved 1048576K
}
Event: 2212.725 GC heap after
{Heap after GC invocations=119 (full 0):
 garbage-first heap   total 206848K, used 129344K [0x0000000080000000, 0x0000000100000000)
  region size 1024K, 6 young (6144K), 6 survivors (6144K)
 Metaspace       used 121944K, capacity 126054K, committed 127272K, reserved 1159168K
  class space    used 15332K, capacity 16846K, committed 17572K, reserved 1048576K
}
Event: 2212.826 GC heap before
{Heap before GC invocations=119 (full 0):
 garbage-first heap   total 206848K, used 133440K [0x0000000080000000, 0x0000000100000000)
  region size 1024K, 10 young (10240K), 6 survivors (6144K)
 Metaspace       used 121973K, capacity 126119K, committed 127272K, reserved 1159168K
  class space    used 15332K, capacity 16846K, committed 17572K, reserved 1048576K
}
Event: 2212.844 GC heap after
{Heap after GC invocations=120 (full 0):
 garbage-first heap   total 206848K, used 114124K [0x0000000080000000, 0x0000000100000000)
  region size 1024K, 1 young (1024K), 1 survivors (1024K)
 Metaspace       used 121973K, capacity 126119K, committed 127272K, reserved 1159168K
  class space    used 15332K, capacity 16846K, committed 17572K, reserved 1048576K
}
Event: 2213.227 GC heap before
{Heap before GC invocations=120 (full 0):
 garbage-first heap   total 206848K, used 139724K [0x0000000080000000, 0x0000000100000000)
  region size 1024K, 28 young (28672K), 1 survivors (1024K)
 Metaspace       used 122061K, capacity 126196K, committed 127272K, reserved 1159168K
  class space    used 15332K, capacity 16846K, committed 17572K, reserved 1048576K
}
Event: 2213.236 GC heap after
{Heap after GC invocations=121 (full 0):
 garbage-first heap   total 206848K, used 114956K [0x0000000080000000, 0x0000000100000000)
  region size 1024K, 2 young (2048K), 2 survivors (2048K)
 Metaspace       used 122061K, capacity 126196K, committed 127272K, reserved 1159168K
  class space    used 15332K, capacity 16846K, committed 17572K, reserved 1048576K
}
Event: 2738.100 GC heap before
{Heap before GC invocations=122 (full 0):
 garbage-first heap   total 206848K, used 175372K [0x0000000080000000, 0x0000000100000000)
  region size 1024K, 47 young (48128K), 2 survivors (2048K)
 Metaspace       used 122177K, capacity 126269K, committed 127528K, reserved 1159168K
  class space    used 15333K, capacity 16847K, committed 17572K, reserved 1048576K
}
Event: 2738.217 GC heap after
{Heap after GC invocations=123 (full 0):
 garbage-first heap   total 206848K, used 118510K [0x0000000080000000, 0x0000000100000000)
  region size 1024K, 6 young (6144K), 6 survivors (6144K)
 Metaspace       used 122177K, capacity 126269K, committed 127528K, reserved 1159168K
  class space    used 15333K, capacity 16847K, committed 17572K, reserved 1048576K
}
Event: 2738.515 GC heap before
{Heap before GC invocations=123 (full 0):
 garbage-first heap   total 206848K, used 122606K [0x0000000080000000, 0x0000000100000000)
  region size 1024K, 10 young (10240K), 6 survivors (6144K)
 Metaspace       used 122188K, capacity 126270K, committed 127528K, reserved 1159168K
  class space    used 15333K, capacity 16847K, committed 17572K, reserved 1048576K
}
Event: 2738.702 GC heap after
{Heap after GC invocations=124 (full 0):
 garbage-first heap   total 206848K, used 114174K [0x0000000080000000, 0x0000000100000000)
  region size 1024K, 2 young (2048K), 2 survivors (2048K)
 Metaspace       used 122188K, capacity 126270K, committed 127528K, reserved 1159168K
  class space    used 15333K, capacity 16847K, committed 17572K, reserved 1048576K
}
Event: 2739.803 GC heap before
{Heap before GC invocations=124 (full 0):
 garbage-first heap   total 206848K, used 143870K [0x0000000080000000, 0x0000000100000000)
  region size 1024K, 33 young (33792K), 2 survivors (2048K)
 Metaspace       used 122230K, capacity 126334K, committed 127528K, reserved 1159168K
  class space    used 15333K, capacity 16847K, committed 17572K, reserved 1048576K
}
Event: 2739.827 GC heap after
{Heap after GC invocations=125 (full 0):
 garbage-first heap   total 206848K, used 117559K [0x0000000080000000, 0x0000000100000000)
  region size 1024K, 5 young (5120K), 5 survivors (5120K)
 Metaspace       used 122230K, capacity 126334K, committed 127528K, reserved 1159168K
  class space    used 15333K, capacity 16847K, committed 17572K, reserved 1048576K
}
Event: 2741.526 GC heap before
{Heap before GC invocations=126 (full 0):
 garbage-first heap   total 206848K, used 166711K [0x0000000080000000, 0x0000000100000000)
  region size 1024K, 51 young (52224K), 5 survivors (5120K)
 Metaspace       used 122350K, capacity 126467K, committed 127528K, reserved 1159168K
  class space    used 15333K, capacity 16848K, committed 17572K, reserved 1048576K
}
Event: 2741.536 GC heap after
{Heap after GC invocations=127 (full 0):
 garbage-first heap   total 206848K, used 120527K [0x0000000080000000, 0x0000000100000000)
  region size 1024K, 2 young (2048K), 2 survivors (2048K)
 Metaspace       used 122350K, capacity 126467K, committed 127528K, reserved 1159168K
  class space    used 15333K, capacity 16848K, committed 17572K, reserved 1048576K
}
Event: 2741.582 GC heap before
{Heap before GC invocations=127 (full 0):
 garbage-first heap   total 206848K, used 127695K [0x0000000080000000, 0x0000000100000000)
  region size 1024K, 10 young (10240K), 2 survivors (2048K)
 Metaspace       used 122355K, capacity 126469K, committed 127528K, reserved 1159168K
  class space    used 15333K, capacity 16848K, committed 17572K, reserved 1048576K
}
Event: 2741.602 GC heap after
{Heap after GC invocations=128 (full 0):
 garbage-first heap   total 206848K, used 103159K [0x0000000080000000, 0x0000000100000000)
  region size 1024K, 1 young (1024K), 1 survivors (1024K)
 Metaspace       used 122355K, capacity 126469K, committed 127528K, reserved 1159168K
  class space    used 15333K, capacity 16848K, committed 17572K, reserved 1048576K
}
Event: 2741.980 GC heap before
{Heap before GC invocations=128 (full 0):
 garbage-first heap   total 206848K, used 120567K [0x0000000080000000, 0x0000000100000000)
  region size 1024K, 20 young (20480K), 1 survivors (1024K)
 Metaspace       used 122421K, capacity 126573K, committed 127784K, reserved 1159168K
  class space    used 15337K, capacity 16854K, committed 17572K, reserved 1048576K
}
Event: 2741.987 GC heap after
{Heap after GC invocations=129 (full 0):
 garbage-first heap   total 206848K, used 103913K [0x0000000080000000, 0x0000000100000000)
  region size 1024K, 2 young (2048K), 2 survivors (2048K)
 Metaspace       used 122421K, capacity 126573K, committed 127784K, reserved 1159168K
  class space    used 15337K, capacity 16854K, committed 17572K, reserved 1048576K
}

Deoptimization events (20 events):
Event: 3357.556 Thread 0x00000247050b8000 Uncommon trap: trap_request=0xffffff4d fr.pc=0x0000024771e50ddc relative=0x00000000000014dc
Event: 3357.557 Thread 0x00000247050b8000 Uncommon trap: reason=unstable_if action=reinterpret pc=0x0000024771e50ddc method=java.io.ObjectStreamClass$FieldReflector.getPrimFieldValues(Ljava/lang/Object;[B)V @ 44 c2
Event: 3357.558 Thread 0x00000247050b8000 DEOPT PACKING pc=0x0000024771e50ddc sp=0x0000007c003fc4e0
Event: 3357.559 Thread 0x00000247050b8000 DEOPT UNPACKING pc=0x00000247699fa1af sp=0x0000007c003fc3b8 mode 2
Event: 3357.560 Thread 0x00000247050b8000 Uncommon trap: trap_request=0xffffffde fr.pc=0x00000247714a5664 relative=0x00000000000001c4
Event: 3357.560 Thread 0x00000247050b8000 Uncommon trap: reason=class_check action=maybe_recompile pc=0x00000247714a5664 method=java.lang.String.equals(Ljava/lang/Object;)Z @ 8 c2
Event: 3357.560 Thread 0x00000247050b8000 DEOPT PACKING pc=0x00000247714a5664 sp=0x0000007c003fc2a0
Event: 3357.560 Thread 0x00000247050b8000 DEOPT UNPACKING pc=0x00000247699fa1af sp=0x0000007c003fc248 mode 2
Event: 3357.561 Thread 0x00000247050b8000 Uncommon trap: trap_request=0xffffffde fr.pc=0x00000247714a5664 relative=0x00000000000001c4
Event: 3357.561 Thread 0x00000247050b8000 Uncommon trap: reason=class_check action=maybe_recompile pc=0x00000247714a5664 method=java.lang.String.equals(Ljava/lang/Object;)Z @ 8 c2
Event: 3357.561 Thread 0x00000247050b8000 DEOPT PACKING pc=0x00000247714a5664 sp=0x0000007c003fc2a0
Event: 3357.561 Thread 0x00000247050b8000 DEOPT UNPACKING pc=0x00000247699fa1af sp=0x0000007c003fc248 mode 2
Event: 3357.561 Thread 0x00000247050b8000 Uncommon trap: trap_request=0xffffffde fr.pc=0x00000247714a5664 relative=0x00000000000001c4
Event: 3357.561 Thread 0x00000247050b8000 Uncommon trap: reason=class_check action=maybe_recompile pc=0x00000247714a5664 method=java.lang.String.equals(Ljava/lang/Object;)Z @ 8 c2
Event: 3357.561 Thread 0x00000247050b8000 DEOPT PACKING pc=0x00000247714a5664 sp=0x0000007c003fc2a0
Event: 3357.561 Thread 0x00000247050b8000 DEOPT UNPACKING pc=0x00000247699fa1af sp=0x0000007c003fc248 mode 2
Event: 3357.562 Thread 0x00000247050b8000 Uncommon trap: trap_request=0xffffffde fr.pc=0x00000247714a5664 relative=0x00000000000001c4
Event: 3357.562 Thread 0x00000247050b8000 Uncommon trap: reason=class_check action=maybe_recompile pc=0x00000247714a5664 method=java.lang.String.equals(Ljava/lang/Object;)Z @ 8 c2
Event: 3357.563 Thread 0x00000247050b8000 DEOPT PACKING pc=0x00000247714a5664 sp=0x0000007c003fc2a0
Event: 3357.563 Thread 0x00000247050b8000 DEOPT UNPACKING pc=0x00000247699fa1af sp=0x0000007c003fc248 mode 2

Classes redefined (0 events):
No events

Internal exceptions (20 events):
Event: 2741.426 Thread 0x000002470ac64800 Exception <a 'sun/nio/fs/WindowsException'{0x0000000089943468}> (0x0000000089943468) thrown at [src/hotspot/share/prims/jni.cpp, line 617]
Event: 2741.430 Thread 0x000002470ac64800 Exception <a 'sun/nio/fs/WindowsException'{0x000000008994b920}> (0x000000008994b920) thrown at [src/hotspot/share/prims/jni.cpp, line 617]
Event: 2741.433 Thread 0x000002470ac64800 Exception <a 'sun/nio/fs/WindowsException'{0x00000000899538c8}> (0x00000000899538c8) thrown at [src/hotspot/share/prims/jni.cpp, line 617]
Event: 2741.438 Thread 0x000002470ac64800 Exception <a 'sun/nio/fs/WindowsException'{0x0000000089963ed8}> (0x0000000089963ed8) thrown at [src/hotspot/share/prims/jni.cpp, line 617]
Event: 2741.653 Thread 0x000002470ac68800 Exception <a 'sun/nio/fs/WindowsException'{0x000000008c59bdc0}> (0x000000008c59bdc0) thrown at [src/hotspot/share/prims/jni.cpp, line 617]
Event: 2741.754 Thread 0x000002470ac68800 Exception <a 'sun/nio/fs/WindowsException'{0x000000008c29f390}> (0x000000008c29f390) thrown at [src/hotspot/share/prims/jni.cpp, line 617]
Event: 2741.846 Thread 0x00000247050b8000 Exception <a 'sun/nio/fs/WindowsException'{0x000000008bf9dc80}> (0x000000008bf9dc80) thrown at [src/hotspot/share/prims/jni.cpp, line 617]
Event: 2741.865 Thread 0x00000247050b8000 Exception <a 'sun/nio/fs/WindowsException'{0x000000008bd41ee0}> (0x000000008bd41ee0) thrown at [src/hotspot/share/prims/jni.cpp, line 617]
Event: 2742.193 Thread 0x0000024707d9a000 Exception <a 'sun/nio/fs/WindowsException'{0x000000008c859490}> (0x000000008c859490) thrown at [src/hotspot/share/prims/jni.cpp, line 617]
Event: 2742.193 Thread 0x0000024707d9a000 Exception <a 'sun/nio/fs/WindowsException'{0x000000008c859518}> (0x000000008c859518) thrown at [src/hotspot/share/prims/jni.cpp, line 617]
Event: 2742.193 Thread 0x0000024707d9a000 Exception <a 'sun/nio/fs/WindowsException'{0x000000008c85ae98}> (0x000000008c85ae98) thrown at [src/hotspot/share/prims/jni.cpp, line 617]
Event: 3354.448 Thread 0x00000247050b8000 Exception <a 'java/lang/OutOfMemoryError'{0x000000008acaf228}: unable to create native thread: possibly out of memory or process/resource limits reached> (0x000000008acaf228) thrown at [src/hotspot/share/prims/jvm.cpp, line 2924]
Event: 3354.548 Thread 0x00000247050b8000 Implicit null exception at 0x00000247718338fe to 0x000002477183633c
Event: 3354.770 Thread 0x00000247050b3000 Implicit null exception at 0x00000247721f80bb to 0x00000247721f8528
Event: 3354.773 Thread 0x00000247050b3000 Implicit null exception at 0x0000024771630aa7 to 0x0000024771630c2c
Event: 3354.855 Thread 0x00000247050b3000 Exception <a 'java/lang/NoSuchMethodError'{0x000000008aa32f00}: <clinit>> (0x000000008aa32f00) thrown at [src/hotspot/share/prims/jni.cpp, line 1367]
Event: 3354.888 Thread 0x00000247050b3000 Implicit null exception at 0x0000024772377d37 to 0x00000247723788b8
Event: 3354.914 Thread 0x00000247050b3000 Implicit null exception at 0x000002477185533a to 0x0000024771855f28
Event: 3354.941 Thread 0x00000247050b3000 Exception <a 'java/lang/NoSuchMethodError'{0x000000008aa4b978}: <clinit>> (0x000000008aa4b978) thrown at [src/hotspot/share/prims/jni.cpp, line 1367]
Event: 3355.070 Thread 0x00000247050b8000 Implicit null exception at 0x00000247715abba4 to 0x00000247715abc54

Events (20 events):
Event: 3358.326 Thread 0x000002477eb10800 flushing nmethod 0x000002476a451c90
Event: 3358.327 Thread 0x000002477eb10800 flushing nmethod 0x000002476a454010
Event: 3358.327 Thread 0x000002477eb10800 flushing nmethod 0x000002476a454990
Event: 3358.328 Thread 0x000002477eb10800 flushing nmethod 0x000002476a45a790
Event: 3358.331 Thread 0x000002477eb10800 flushing nmethod 0x000002476a463010
Event: 3358.332 Thread 0x000002477eb10800 flushing nmethod 0x000002476a467390
Event: 3358.336 Thread 0x000002477eb10800 flushing nmethod 0x000002476a46d810
Event: 3358.339 Thread 0x000002477eb10800 flushing nmethod 0x000002476a47c210
Event: 3358.340 Thread 0x000002477eb10800 flushing nmethod 0x000002476a47f210
Event: 3358.340 Thread 0x000002477eb10800 flushing nmethod 0x000002476a47f690
Event: 3358.340 Thread 0x000002477eb10800 flushing nmethod 0x000002476a47fe10
Event: 3358.341 Thread 0x000002477eb10800 flushing nmethod 0x000002476a484590
Event: 3358.341 Thread 0x000002477eb10800 flushing nmethod 0x000002476a486790
Event: 3358.342 Thread 0x000002477eb10800 flushing nmethod 0x000002476a486b10
Event: 3358.342 Thread 0x000002477eb10800 flushing nmethod 0x000002476a487090
Event: 3358.343 Thread 0x000002477eb10800 flushing nmethod 0x000002476a488890
Event: 3358.343 Thread 0x000002477eb10800 flushing nmethod 0x000002476a488d10
Event: 3358.343 Thread 0x000002477eb10800 flushing nmethod 0x000002476a489a10
Event: 3358.343 Thread 0x000002477eb10800 flushing nmethod 0x000002476a48a090
Event: 3358.344 Thread 0x000002477eb10800 flushing nmethod 0x000002476a48d110


Dynamic libraries:
0x00007ff6250a0000 - 0x00007ff6250aa000 	C:\Program Files\Android\Android Studio\jbr\bin\java.exe
0x00007ff8c50a0000 - 0x00007ff8c52a9000 	C:\WINDOWS\SYSTEM32\ntdll.dll
0x00007ff8c3f80000 - 0x00007ff8c403e000 	C:\WINDOWS\System32\KERNEL32.DLL
0x00007ff8c2a00000 - 0x00007ff8c2d7c000 	C:\WINDOWS\System32\KERNELBASE.dll
0x00007ff8c2d80000 - 0x00007ff8c2e91000 	C:\WINDOWS\System32\ucrtbase.dll
0x00007ff8bda60000 - 0x00007ff8bda77000 	C:\Program Files\Android\Android Studio\jbr\bin\jli.dll
0x00007ff8c44b0000 - 0x00007ff8c465d000 	C:\WINDOWS\System32\USER32.dll
0x00007ff8c27f0000 - 0x00007ff8c2816000 	C:\WINDOWS\System32\win32u.dll
0x00007ff8c4de0000 - 0x00007ff8c4e09000 	C:\WINDOWS\System32\GDI32.dll
0x00007ff8c28e0000 - 0x00007ff8c29f8000 	C:\WINDOWS\System32\gdi32full.dll
0x00007ff8c25e0000 - 0x00007ff8c267d000 	C:\WINDOWS\System32\msvcp_win.dll
0x00007ff8bda00000 - 0x00007ff8bda1b000 	C:\Program Files\Android\Android Studio\jbr\bin\VCRUNTIME140.dll
0x00007ff8a6f40000 - 0x00007ff8a71e5000 	C:\WINDOWS\WinSxS\amd64_microsoft.windows.common-controls_6595b64144ccf1df_6.0.22000.120_none_9d947278b86cc467\COMCTL32.dll
0x00007ff8c4fb0000 - 0x00007ff8c5053000 	C:\WINDOWS\System32\msvcrt.dll
0x00007ff8c3ec0000 - 0x00007ff8c3ef1000 	C:\WINDOWS\System32\IMM32.DLL
0x00007ff8beef0000 - 0x00007ff8beefc000 	C:\Program Files\Android\Android Studio\jbr\bin\vcruntime140_1.dll
0x00007ff8ad300000 - 0x00007ff8ad38d000 	C:\Program Files\Android\Android Studio\jbr\bin\msvcp140.dll
0x00007ff85f090000 - 0x00007ff85fc4c000 	C:\Program Files\Android\Android Studio\jbr\bin\server\jvm.dll
0x00007ff8c4c60000 - 0x00007ff8c4d0e000 	C:\WINDOWS\System32\ADVAPI32.dll
0x00007ff8c4a70000 - 0x00007ff8c4b0e000 	C:\WINDOWS\System32\sechost.dll
0x00007ff8c3710000 - 0x00007ff8c3830000 	C:\WINDOWS\System32\RPCRT4.dll
0x00007ff8c4dd0000 - 0x00007ff8c4dd8000 	C:\WINDOWS\System32\PSAPI.DLL
0x00007ff8bd4f0000 - 0x00007ff8bd523000 	C:\WINDOWS\SYSTEM32\WINMM.dll
0x00007ff8bb660000 - 0x00007ff8bb669000 	C:\WINDOWS\SYSTEM32\WSOCK32.dll
0x00007ff8bb650000 - 0x00007ff8bb65a000 	C:\WINDOWS\SYSTEM32\VERSION.dll
0x00007ff8c4e10000 - 0x00007ff8c4e7f000 	C:\WINDOWS\System32\WS2_32.dll
0x00007ff8c15f0000 - 0x00007ff8c1608000 	C:\WINDOWS\SYSTEM32\kernel.appcore.dll
0x00007ff8ae7a0000 - 0x00007ff8ae7b0000 	C:\Program Files\Android\Android Studio\jbr\bin\verify.dll
0x00007ff8abfb0000 - 0x00007ff8ac1d1000 	C:\WINDOWS\SYSTEM32\DBGHELP.DLL
0x00007ff8a81b0000 - 0x00007ff8a81e1000 	C:\WINDOWS\SYSTEM32\dbgcore.DLL
0x00007ff8c2ea0000 - 0x00007ff8c2f1f000 	C:\WINDOWS\System32\bcryptPrimitives.dll
0x00007ff8ae770000 - 0x00007ff8ae798000 	C:\Program Files\Android\Android Studio\jbr\bin\java.dll
0x00007ff8ae760000 - 0x00007ff8ae76a000 	C:\Program Files\Android\Android Studio\jbr\bin\jimage.dll
0x00007ff8ad620000 - 0x00007ff8ad638000 	C:\Program Files\Android\Android Studio\jbr\bin\zip.dll
0x00007ff8c2f20000 - 0x00007ff8c36e5000 	C:\WINDOWS\System32\SHELL32.dll
0x00007ff8c0660000 - 0x00007ff8c0ec5000 	C:\WINDOWS\SYSTEM32\windows.storage.dll
0x00007ff8c4660000 - 0x00007ff8c49d6000 	C:\WINDOWS\System32\combase.dll
0x00007ff8c04f0000 - 0x00007ff8c0656000 	C:\WINDOWS\SYSTEM32\wintypes.dll
0x00007ff8c4b10000 - 0x00007ff8c4bfa000 	C:\WINDOWS\System32\SHCORE.dll
0x00007ff8c4d70000 - 0x00007ff8c4dcd000 	C:\WINDOWS\System32\shlwapi.dll
0x00007ff8c24a0000 - 0x00007ff8c24c1000 	C:\WINDOWS\SYSTEM32\profapi.dll
0x00007ff8ad600000 - 0x00007ff8ad619000 	C:\Program Files\Android\Android Studio\jbr\bin\net.dll
0x00007ff8bcab0000 - 0x00007ff8bcbc2000 	C:\WINDOWS\SYSTEM32\WINHTTP.dll
0x00007ff8c1a90000 - 0x00007ff8c1af7000 	C:\WINDOWS\system32\mswsock.dll
0x00007ff8a3f50000 - 0x00007ff8a3f63000 	C:\Program Files\Android\Android Studio\jbr\bin\nio.dll
0x00007ff8bec10000 - 0x00007ff8bec37000 	C:\Users\dhibi\.gradle\native\e1d6ef7f7dcc3fd88c89a11ec53ec762bb8ba0a96d01ffa2cd45eb1d1d8dd5c5\windows-amd64\native-platform.dll
0x00007ff89bf80000 - 0x00007ff89c0c4000 	C:\Users\dhibi\.gradle\native\0d407fdbe67a94daf76414ababcb853783967236a71b16ec16e742cd7a986fd3\windows-amd64\native-platform-file-events.dll
0x00007ff8ae750000 - 0x00007ff8ae75a000 	C:\Program Files\Android\Android Studio\jbr\bin\management.dll
0x00007ff8ad5f0000 - 0x00007ff8ad5fb000 	C:\Program Files\Android\Android Studio\jbr\bin\management_ext.dll
0x00007ff8c1cd0000 - 0x00007ff8c1ce8000 	C:\WINDOWS\SYSTEM32\CRYPTSP.dll
0x00007ff8c1550000 - 0x00007ff8c1585000 	C:\WINDOWS\system32\rsaenh.dll
0x00007ff8c1b80000 - 0x00007ff8c1ba9000 	C:\WINDOWS\SYSTEM32\USERENV.dll
0x00007ff8c1e60000 - 0x00007ff8c1e87000 	C:\WINDOWS\SYSTEM32\bcrypt.dll
0x00007ff8c1cf0000 - 0x00007ff8c1cfc000 	C:\WINDOWS\SYSTEM32\CRYPTBASE.dll
0x00007ff8c1110000 - 0x00007ff8c113d000 	C:\WINDOWS\SYSTEM32\IPHLPAPI.DLL
0x00007ff8c3dc0000 - 0x00007ff8c3dc9000 	C:\WINDOWS\System32\NSI.dll
0x00007ff8bcef0000 - 0x00007ff8bcf09000 	C:\WINDOWS\SYSTEM32\dhcpcsvc6.DLL
0x00007ff8bd2e0000 - 0x00007ff8bd2fe000 	C:\WINDOWS\SYSTEM32\dhcpcsvc.DLL
0x00007ff8c1140000 - 0x00007ff8c1228000 	C:\WINDOWS\SYSTEM32\DNSAPI.dll
0x00007ff862a70000 - 0x00007ff862a97000 	C:\Program Files\Android\Android Studio\jbr\bin\sunec.dll

dbghelp: loaded successfully - version: 4.0.5 - missing functions: none
symbol engine: initialized successfully - sym options: 0x614 - pdb path: .;C:\Program Files\Android\Android Studio\jbr\bin;C:\WINDOWS\SYSTEM32;C:\WINDOWS\WinSxS\amd64_microsoft.windows.common-controls_6595b64144ccf1df_6.0.22000.120_none_9d947278b86cc467;C:\Program Files\Android\Android Studio\jbr\bin\server;C:\Users\dhibi\.gradle\native\e1d6ef7f7dcc3fd88c89a11ec53ec762bb8ba0a96d01ffa2cd45eb1d1d8dd5c5\windows-amd64;C:\Users\dhibi\.gradle\native\0d407fdbe67a94daf76414ababcb853783967236a71b16ec16e742cd7a986fd3\windows-amd64

VM Arguments:
jvm_args: --add-opens=java.base/java.util=ALL-UNNAMED --add-opens=java.base/java.lang=ALL-UNNAMED --add-opens=java.base/java.lang.invoke=ALL-UNNAMED --add-opens=java.base/java.util=ALL-UNNAMED --add-opens=java.prefs/java.util.prefs=ALL-UNNAMED --add-opens=java.prefs/java.util.prefs=ALL-UNNAMED --add-opens=java.base/java.nio.charset=ALL-UNNAMED --add-opens=java.base/java.net=ALL-UNNAMED --add-opens=java.base/java.util.concurrent.atomic=ALL-UNNAMED -Xmx2048m -Dfile.encoding=UTF-8 -Duser.country=FR -Duser.language=fr -Duser.variant 
java_command: org.gradle.launcher.daemon.bootstrap.GradleDaemon 7.5
java_class_path (initial): C:\Users\dhibi\.gradle\wrapper\dists\gradle-7.5-bin\f1w0cc9nuo0eivz97x2xlu9sv\gradle-7.5\lib\gradle-launcher-7.5.jar
Launcher Type: SUN_STANDARD

[Global flags]
     intx CICompilerCount                          = 4                                         {product} {ergonomic}
     uint ConcGCThreads                            = 2                                         {product} {ergonomic}
     uint G1ConcRefinementThreads                  = 8                                         {product} {ergonomic}
   size_t G1HeapRegionSize                         = 1048576                                   {product} {ergonomic}
    uintx GCDrainStackTargetSize                   = 64                                        {product} {ergonomic}
   size_t InitialHeapSize                          = 100663296                                 {product} {ergonomic}
   size_t MarkStackSize                            = 4194304                                   {product} {ergonomic}
   size_t MaxHeapSize                              = 2147483648                                {product} {command line}
   size_t MaxNewSize                               = 1287651328                                {product} {ergonomic}
   size_t MinHeapDeltaBytes                        = 1048576                                   {product} {ergonomic}
    uintx NonNMethodCodeHeapSize                   = 5836300                                {pd product} {ergonomic}
    uintx NonProfiledCodeHeapSize                  = 122910970                              {pd product} {ergonomic}
    uintx ProfiledCodeHeapSize                     = 122910970                              {pd product} {ergonomic}
    uintx ReservedCodeCacheSize                    = 251658240                              {pd product} {ergonomic}
     bool SegmentedCodeCache                       = true                                      {product} {ergonomic}
     bool UseCompressedClassPointers               = true                                 {lp64_product} {ergonomic}
     bool UseCompressedOops                        = true                                 {lp64_product} {ergonomic}
     bool UseG1GC                                  = true                                      {product} {ergonomic}
     bool UseLargePagesIndividualAllocation        = false                                  {pd product} {ergonomic}

Logging:
Log output configuration:
 #0: stdout all=warning uptime,level,tags
 #1: stderr all=off uptime,level,tags

Environment Variables:
JAVA_HOME=C:\Program Files\BellSoft\LibericaJDK-8\
PATH=C:\Program Files\BellSoft\LibericaJDK-8\bin\;C:\Program Files\Eclipse Adoptium\jdk-17.0.6.10-hotspot\bin;C:\Program Files\Common Files\Oracle\Java\javapath;C:\Program Files (x86)\VMware\VMware Workstation\bin\;C:\WINDOWS\system32;C:\WINDOWS;C:\WINDOWS\System32\Wbem;C:\WINDOWS\System32\WindowsPowerShell\v1.0\;C:\WINDOWS\System32\OpenSSH\;C:\Program Files\Geth;C:\Program Files (x86)\NVIDIA Corporation\PhysX\Common;C:\Program Files\NVIDIA Corporation\NVIDIA NvDLISR;C:\Program Files\Microsoft VS Code\bin;C:\Program Files\nodejs\;C:\Program Files\Git\cmd;C:\Program Files\Oracle\VirtualBox;C:\Users\dhibi\AppData\Local\Microsoft\WindowsApps;E:\wind10\IntelliJ IDEA Community Edition 2022.1\bin;;C:\curl;C:\Program Files\Java\jdk-17\bin;C:\Users\dhibi\AppData\Roaming\npm
USERNAME=dhibi
OS=Windows_NT
PROCESSOR_IDENTIFIER=AMD64 Family 23 Model 24 Stepping 1, AuthenticAMD



---------------  S Y S T E M  ---------------

OS: Windows 11 , 64 bit Build 22000 (10.0.22000.1516)
OS uptime: 20 days 0:26 hours

CPU:total 8 (initial active 8) (8 cores per cpu, 2 threads per core) family 23 model 24 stepping 1 microcode 0x0, cmov, cx8, fxsr, mmx, sse, sse2, sse3, ssse3, sse4.1, sse4.2, popcnt, avx, avx2, aes, clmul, mmxext, 3dnowpref, lzcnt, sse4a, ht, tsc, tscinvbit, tscinv, bmi1, bmi2, adx, sha, fma

Memory: 4k page, system-wide physical 6021M (74M free)
TotalPageFile size 18861M (AvailPageFile size 21M)
current process WorkingSet (physical memory assigned to process): 17M, peak: 519M
current process commit charge ("private bytes"): 598M, peak: 610M

vm_info: OpenJDK 64-Bit Server VM (11.0.15+0-b2043.56-9505619) for windows-amd64 JRE (11.0.15+0-b2043.56-9505619), built on Jan 19 2023 02:48:00 by "builduser" with unknown MS VC++:1929

END.
